--- Copying files at Fri Jul 15 04:00:48 UTC 2022
--- Copying files at Fri Jul 15 05:45:21 UTC 2022
--- Copying files at Fri Jul 15 06:04:43 UTC 2022
--- Copying files at Fri Jul 15 10:35:51 UTC 2022
--- Copying files at Sat Jul 16 02:10:52 UTC 2022
--- Copying files at Sat Jul 16 02:22:49 UTC 2022
--- Copying files at Sat Jul 16 03:18:44 UTC 2022
--- Copying files at Sat Jul 16 10:19:49 WIB 2022
--- Copying files at Sun Jul 17 16:16:37 WIB 2022
--- Copying files at Mon Jul 18 15:47:54 WIB 2022
--- Copying files at Tue Jul 19 14:26:58 WIB 2022
--- Copying files at Tue Jul 19 07:40:48 WIB 2022
--- Copying files at Tue Jul 19 20:09:43 WIB 2022
--- Copying files at Tue Jul 19 20:10:35 WIB 2022
--- Copying files at Wed Jul 20 15:03:49 WIB 2022
--- Copying files at Wed Jul 20 14:05:12 WIB 2022
--- Copying files at Wed Jul 20 14:07:46 WIB 2022
--- Copying files at Thu Jul 21 06:47:01 WIB 2022
--- Copying files at Thu Jul 21 19:45:47 WIB 2022
--- Copying files at Thu Jul 21 23:21:17 WIB 2022
--- Copying files at Fri Jul 22 08:01:11 WIB 2022
--- Copying files at Fri Jul 22 21:35:50 WIB 2022
--- Copying files at Fri Jul 22 21:36:22 WIB 2022
--- Copying files at Sat Jul 23 14:15:34 WIB 2022
--- Copying files at Sun Jul 24 16:02:39 WIB 2022
--- Copying files at Sun Jul 24 21:08:05 WIB 2022
--- Copying files at Mon Jul 25 08:14:15 WIB 2022
--- Copying files at Tue Jul 26 14:44:05 WIB 2022
--- Copying files at Wed Jul 27 15:21:13 WIB 2022
--- Copying files at Thu Jul 28 07:03:19 WIB 2022
--- Copying files at Thu Jul 28 19:13:45 WIB 2022
--- Copying files at Fri Jul 29 08:29:24 WIB 2022
--- Copying files at Sat Jul 30 00:35:57 WIB 2022
--- Copying files at Sat Jul 30 08:35:20 WIB 2022
--- Copying files at Sun Jul 31 08:39:07 WIB 2022
--- Copying files at Mon Aug  1 16:46:08 WIB 2022
--- Copying files at Mon Aug  1 17:21:18 WIB 2022
--- Copying files at Tue Aug  2 13:30:04 WIB 2022
--- Copying files at Wed Aug  3 15:55:33 WIB 2022
--- Copying files at Thu Aug  4 21:10:35 WIB 2022
--- Copying files at Fri Aug  5 07:59:29 WIB 2022
--- Copying files at Sun Aug  7 15:13:57 WIB 2022
--- Copying files at Mon Aug  8 08:26:19 WIB 2022
--- Copying files at Mon Aug  8 20:54:13 WIB 2022
--- Copying files at Mon Aug  8 20:55:02 WIB 2022
--- Copying files at Wed Aug 10 16:26:13 WIB 2022
--- Copying files at Wed Aug 10 15:01:04 WIB 2022
--- Copying files at Thu Aug 11 20:23:17 WIB 2022
--- Copying files at Fri Aug 12 00:48:20 WIB 2022
--- Copying files at Fri Aug 12 07:18:32 WIB 2022
--- Copying files at Sun Aug 14 09:06:31 WIB 2022
--- Copying files at Mon Aug 15 07:12:41 WIB 2022
--- Copying files at Tue Aug 16 19:12:53 WIB 2022
--- Copying files at Wed Aug 17 07:19:00 WIB 2022
--- Copying files at Fri Aug 19 05:46:26 WIB 2022
--- Copying files at Fri Aug 19 08:10:05 WIB 2022
--- Copying files at Fri Aug 19 22:42:59 WIB 2022
--- Copying files at Sat Aug 20 14:36:22 WIB 2022
--- Copying files at Sun Aug 21 15:35:40 WIB 2022
--- Copying files at Mon Aug 22 08:11:01 WIB 2022
--- Copying files at Tue Aug 23 21:14:54 WIB 2022
--- Copying files at Wed Aug 24 08:44:33 WIB 2022
--- Copying files at Thu Aug 25 08:24:16 WIB 2022
--- Copying files at Fri Aug 26 14:28:21 WIB 2022
--- Copying files at Fri Aug 26 16:01:45 WIB 2022
--- Copying files at Fri Aug 26 22:48:42 WIB 2022
--- Copying files at Sat Aug 27 07:58:34 WIB 2022
--- Copying files at Sat Aug 27 22:18:39 WIB 2022
--- Copying files at Sun Aug 28 15:05:44 WIB 2022
--- Copying files at Sun Aug 28 15:01:03 WIB 2022
--- Copying files at Mon Aug 29 07:42:48 WIB 2022
--- Copying files at Tue Aug 30 20:07:44 WIB 2022
--- Copying files at Wed Aug 31 08:05:02 WIB 2022
--- Copying files at Thu Sep  1 19:22:50 WIB 2022
--- Copying files at Thu Sep  1 20:52:32 WIB 2022
--- Copying files at Fri Sep  2 08:30:33 WIB 2022
--- Copying files at Fri Sep  2 15:33:44 WIB 2022
--- Copying files at Fri Sep  2 15:37:21 WIB 2022
--- Copying files at Fri Sep  2 16:04:46 WIB 2022
--- Copying files at Sat Sep  3 08:45:35 WIB 2022
--- Copying files at Sat Sep  3 08:51:43 WIB 2022
--- Copying files at Sat Sep  3 09:20:32 WIB 2022
--- Copying files at Sat Sep  3 11:01:23 WIB 2022
--- Copying files at Sat Sep  3 10:04:45 UTC 2022
--- Copying files at Sun Sep  4 05:57:15 UTC 2022
--- Copying files at Sun Sep  4 13:37:41 WIB 2022
--- Copying files at Sun Sep  4 13:39:02 WIB 2022
--- Copying files at Sun Sep  4 13:39:39 WIB 2022
--- Copying files at Sun Sep  4 15:44:21 WIB 2022
--- Copying files at Mon Sep  5 13:25:34 WIB 2022
--- Copying files at Mon Sep  5 09:14:38 UTC 2022
--- Copying files at Wed Sep  7 06:19:17 UTC 2022
--- Copying files at Sun Oct  9 11:40:29 UTC 2022
--- Copying files at Wed Oct 12 09:43:57 UTC 2022
